<?xml version="1.0" encoding="UTF-8"?>
<!-- Generated by org.testng.reporters.JUnitReportReporter -->
<testsuite hostname="SAGAR" name="javaTest.JavaTest" tests="1" failures="0" timestamp="17 Dec 2018 18:24:22 GMT" time="12.672" errors="0">
  <testcase name="testResponseCode" time="12.672" classname="javaTest.JavaTest"/>
</testsuite> <!-- javaTest.JavaTest -->
