<?xml version="1.0" encoding="UTF-8"?>
<!-- Generated by org.testng.reporters.JUnitReportReporter -->
<testsuite hostname="SAGAR" name="javaTest.JavaTest" tests="1" failures="0" timestamp="18 Dec 2018 19:57:14 GMT" time="11.993" errors="0">
  <testcase name="testResponseCode" time="11.993" classname="javaTest.JavaTest"/>
</testsuite> <!-- javaTest.JavaTest -->
